Determining if the pthread_create exist failed with the following output:
Change Dir: /home/user/Desktop/autonomous_guided_vehicles_ws/build/CMakeFiles/CMakeTmp

Run Build Command:"/usr/bin/make" "cmTC_47ded/fast"
/usr/bin/make -f CMakeFiles/cmTC_47ded.dir/build.make CMakeFiles/cmTC_47ded.dir/build
make[1]: Entering directory '/home/user/Desktop/autonomous_guided_vehicles_ws/build/CMakeFiles/CMakeTmp'
Building C object CMakeFiles/cmTC_47ded.dir/CheckSymbolExists.c.o
/usr/bin/cc    -o CMakeFiles/cmTC_47ded.dir/CheckSymbolExists.c.o   -c /home/user/Desktop/autonomous_guided_vehicles_ws/build/CMakeFiles/CMakeTmp/CheckSymbolExists.c
Linking C executable cmTC_47ded
/usr/bin/cmake -E cmake_link_script CMakeFiles/cmTC_47ded.dir/link.txt --verbose=1
/usr/bin/cc      -rdynamic CMakeFiles/cmTC_47ded.dir/CheckSymbolExists.c.o  -o cmTC_47ded 
CMakeFiles/cmTC_47ded.dir/CheckSymbolExists.c.o: In function `main':
CheckSymbolExists.c:(.text+0x1b): undefined reference to `pthread_create'
collect2: error: ld returned 1 exit status
CMakeFiles/cmTC_47ded.dir/build.make:97: recipe for target 'cmTC_47ded' failed
make[1]: *** [cmTC_47ded] Error 1
make[1]: Leaving directory '/home/user/Desktop/autonomous_guided_vehicles_ws/build/CMakeFiles/CMakeTmp'
Makefile:126: recipe for target 'cmTC_47ded/fast' failed
make: *** [cmTC_47ded/fast] Error 2

File /home/user/Desktop/autonomous_guided_vehicles_ws/build/CMakeFiles/CMakeTmp/CheckSymbolExists.c:
/* */
#include <pthread.h>

int main(int argc, char** argv)
{
  (void)argv;
#ifndef pthread_create
  return ((int*)(&pthread_create))[argc];
#else
  (void)argc;
  return 0;
#endif
}

Determining if the function pthread_create exists in the pthreads failed with the following output:
Change Dir: /home/user/Desktop/autonomous_guided_vehicles_ws/build/CMakeFiles/CMakeTmp

Run Build Command:"/usr/bin/make" "cmTC_2e29a/fast"
/usr/bin/make -f CMakeFiles/cmTC_2e29a.dir/build.make CMakeFiles/cmTC_2e29a.dir/build
make[1]: Entering directory '/home/user/Desktop/autonomous_guided_vehicles_ws/build/CMakeFiles/CMakeTmp'
Building C object CMakeFiles/cmTC_2e29a.dir/CheckFunctionExists.c.o
/usr/bin/cc   -DCHECK_FUNCTION_EXISTS=pthread_create   -o CMakeFiles/cmTC_2e29a.dir/CheckFunctionExists.c.o   -c /usr/share/cmake-3.10/Modules/CheckFunctionExists.c
Linking C executable cmTC_2e29a
/usr/bin/cmake -E cmake_link_script CMakeFiles/cmTC_2e29a.dir/link.txt --verbose=1
/usr/bin/cc  -DCHECK_FUNCTION_EXISTS=pthread_create    -rdynamic CMakeFiles/cmTC_2e29a.dir/CheckFunctionExists.c.o  -o cmTC_2e29a -lpthreads 
/usr/bin/ld: cannot find -lpthreads
collect2: error: ld returned 1 exit status
CMakeFiles/cmTC_2e29a.dir/build.make:97: recipe for target 'cmTC_2e29a' failed
make[1]: *** [cmTC_2e29a] Error 1
make[1]: Leaving directory '/home/user/Desktop/autonomous_guided_vehicles_ws/build/CMakeFiles/CMakeTmp'
Makefile:126: recipe for target 'cmTC_2e29a/fast' failed
make: *** [cmTC_2e29a/fast] Error 2


